{"total": {"lines":{"total":618,"covered":606,"skipped":0,"pct":98.05},"statements":{"total":1510,"covered":1376,"skipped":0,"pct":91.12},"functions":{"total":305,"covered":290,"skipped":0,"pct":95.08},"branches":{"total":1237,"covered":1066,"skipped":0,"pct":86.17},"branchesTrue":{"total":0,"covered":0,"skipped":0,"pct":100}}
,"C:\\Users\\dhk55_kg2fai7\\Documents\\CIVIL\\src\\game\\ai\\utility.ts": {"lines":{"total":75,"covered":75,"skipped":0,"pct":100},"functions":{"total":54,"covered":53,"skipped":0,"pct":98.14},"statements":{"total":197,"covered":192,"skipped":0,"pct":97.46},"branches":{"total":269,"covered":244,"skipped":0,"pct":90.7}}
,"C:\\Users\\dhk55_kg2fai7\\Documents\\CIVIL\\src\\game\\core\\engine.ts": {"lines":{"total":76,"covered":72,"skipped":0,"pct":94.73},"functions":{"total":23,"covered":21,"skipped":0,"pct":91.3},"statements":{"total":231,"covered":217,"skipped":0,"pct":93.93},"branches":{"total":187,"covered":168,"skipped":0,"pct":89.83}}
,"C:\\Users\\dhk55_kg2fai7\\Documents\\CIVIL\\src\\game\\core\\hex.ts": {"lines":{"total":6,"covered":6,"skipped":0,"pct":100},"functions":{"total":7,"covered":7,"skipped":0,"pct":100},"statements":{"total":19,"covered":19,"skipped":0,"pct":100},"branches":{"total":6,"covered":5,"skipped":0,"pct":83.33}}
,"C:\\Users\\dhk55_kg2fai7\\Documents\\CIVIL\\src\\game\\systems\\combat.ts": {"lines":{"total":32,"covered":32,"skipped":0,"pct":100},"functions":{"total":12,"covered":11,"skipped":0,"pct":91.66},"statements":{"total":70,"covered":68,"skipped":0,"pct":97.14},"branches":{"total":69,"covered":61,"skipped":0,"pct":88.4}}
,"C:\\Users\\dhk55_kg2fai7\\Documents\\CIVIL\\src\\game\\systems\\economy.ts": {"lines":{"total":78,"covered":78,"skipped":0,"pct":100},"functions":{"total":42,"covered":42,"skipped":0,"pct":100},"statements":{"total":181,"covered":179,"skipped":0,"pct":98.89},"branches":{"total":141,"covered":135,"skipped":0,"pct":95.74}}
,"C:\\Users\\dhk55_kg2fai7\\Documents\\CIVIL\\src\\game\\systems\\invariants.ts": {"lines":{"total":58,"covered":58,"skipped":0,"pct":100},"functions":{"total":14,"covered":13,"skipped":0,"pct":92.85},"statements":{"total":112,"covered":79,"skipped":0,"pct":70.53},"branches":{"total":132,"covered":95,"skipped":0,"pct":71.96}}
,"C:\\Users\\dhk55_kg2fai7\\Documents\\CIVIL\\src\\game\\systems\\movement.ts": {"lines":{"total":15,"covered":15,"skipped":0,"pct":100},"functions":{"total":7,"covered":7,"skipped":0,"pct":100},"statements":{"total":46,"covered":44,"skipped":0,"pct":95.65},"branches":{"total":31,"covered":27,"skipped":0,"pct":87.09}}
,"C:\\Users\\dhk55_kg2fai7\\Documents\\CIVIL\\src\\game\\systems\\victory.ts": {"lines":{"total":16,"covered":16,"skipped":0,"pct":100},"functions":{"total":25,"covered":25,"skipped":0,"pct":100},"statements":{"total":48,"covered":48,"skipped":0,"pct":100},"branches":{"total":43,"covered":41,"skipped":0,"pct":95.34}}
,"C:\\Users\\dhk55_kg2fai7\\Documents\\CIVIL\\src\\game\\systems\\world.ts": {"lines":{"total":73,"covered":67,"skipped":0,"pct":91.78},"functions":{"total":46,"covered":43,"skipped":0,"pct":93.47},"statements":{"total":187,"covered":166,"skipped":0,"pct":88.77},"branches":{"total":170,"covered":145,"skipped":0,"pct":85.29}}
,"C:\\Users\\dhk55_kg2fai7\\Documents\\CIVIL\\src\\storage\\saves.ts": {"lines":{"total":189,"covered":187,"skipped":0,"pct":98.94},"functions":{"total":75,"covered":68,"skipped":0,"pct":90.66},"statements":{"total":419,"covered":364,"skipped":0,"pct":86.87},"branches":{"total":189,"covered":145,"skipped":0,"pct":76.71}}
}
